0 info it worked if it ends with ok
1 verbose cli [ '/usr/local/bin/node',
1 verbose cli   '/usr/local/bin/npm',
1 verbose cli   'install',
1 verbose cli   '-g',
1 verbose cli   'react-native-cli' ]
2 info using npm@2.7.4
3 info using node@v0.12.2
4 silly cache add args [ 'react-native-cli', null ]
5 verbose cache add spec react-native-cli
6 silly cache add parsed spec { raw: 'react-native-cli',
6 silly cache add   scope: null,
6 silly cache add   name: 'react-native-cli',
6 silly cache add   rawSpec: '',
6 silly cache add   spec: '*',
6 silly cache add   type: 'range' }
7 verbose addNamed react-native-cli@*
8 silly addNamed semver.valid null
9 silly addNamed semver.validRange *
10 silly addNameRange { name: 'react-native-cli', range: '*', hasData: false }
11 silly mapToRegistry name react-native-cli
12 silly mapToRegistry using default registry
13 silly mapToRegistry registry https://registry.npmjs.org/
14 silly mapToRegistry uri https://registry.npmjs.org/react-native-cli
15 verbose addNameRange registry:https://registry.npmjs.org/react-native-cli not in flight; fetching
16 verbose request uri https://registry.npmjs.org/react-native-cli
17 verbose request no auth needed
18 info attempt registry request try #1 at 18:03:16
19 verbose request id bd098ef5bca40c63
20 http request GET https://registry.npmjs.org/react-native-cli
21 http 200 https://registry.npmjs.org/react-native-cli
22 silly get cb [ 200,
22 silly get   { server: 'CouchDB/1.5.0 (Erlang OTP/R16B03)',
22 silly get     etag: '"7V9BG2SJ3PU10LE7R987HJ27X"',
22 silly get     'content-type': 'application/json',
22 silly get     'cache-control': 'max-age=60',
22 silly get     'content-length': '4918',
22 silly get     'accept-ranges': 'bytes',
22 silly get     date: 'Fri, 02 Oct 2015 10:03:17 GMT',
22 silly get     via: '1.1 varnish',
22 silly get     age: '0',
22 silly get     connection: 'keep-alive',
22 silly get     'x-served-by': 'cache-hkg6820-HKG',
22 silly get     'x-cache': 'MISS',
22 silly get     'x-cache-hits': '0',
22 silly get     'x-timer': 'S1443780197.390292,VS0,VE168',
22 silly get     vary: 'Accept' } ]
23 verbose get saving react-native-cli to /Users/huangeyu/.npm/registry.npmjs.org/react-native-cli/.cache.json
24 silly addNameRange number 2 { name: 'react-native-cli', range: '*', hasData: true }
25 silly addNameRange versions [ 'react-native-cli',
25 silly addNameRange   [ '0.0.0', '0.0.1', '0.1.2', '0.1.3', '0.1.4' ] ]
26 verbose addNamed react-native-cli@0.1.4
27 silly addNamed semver.valid 0.1.4
28 silly addNamed semver.validRange 0.1.4
29 silly mapToRegistry name react-native-cli
30 silly mapToRegistry using default registry
31 silly mapToRegistry registry https://registry.npmjs.org/
32 silly mapToRegistry uri https://registry.npmjs.org/react-native-cli
33 verbose addRemoteTarball https://registry.npmjs.org/react-native-cli/-/react-native-cli-0.1.4.tgz not in flight; adding
34 verbose addRemoteTarball [ 'https://registry.npmjs.org/react-native-cli/-/react-native-cli-0.1.4.tgz',
34 verbose addRemoteTarball   '2989108e113cf4e0b61097a0801f41f99220dd2a' ]
35 info retry fetch attempt 1 at 18:03:17
36 info attempt registry request try #1 at 18:03:17
37 http fetch GET https://registry.npmjs.org/react-native-cli/-/react-native-cli-0.1.4.tgz
38 http fetch 200 https://registry.npmjs.org/react-native-cli/-/react-native-cli-0.1.4.tgz
39 silly fetchAndShaCheck shasum 2989108e113cf4e0b61097a0801f41f99220dd2a
40 verbose addTmpTarball /var/folders/4t/3hvmr88d7vn87wdwjpqbccgr0000gn/T/npm-81279-2bd583f9/registry.npmjs.org/react-native-cli/-/react-native-cli-0.1.4.tgz not in flight; adding
41 verbose addTmpTarball already have metadata; skipping unpack for react-native-cli@0.1.4
42 silly cache afterAdd react-native-cli@0.1.4
43 verbose afterAdd /Users/huangeyu/.npm/react-native-cli/0.1.4/package/package.json not in flight; writing
44 verbose afterAdd /Users/huangeyu/.npm/react-native-cli/0.1.4/package/package.json written
45 silly install resolved [ { name: 'react-native-cli',
45 silly install resolved     version: '0.1.4',
45 silly install resolved     description: 'The ReactNative cli tools',
45 silly install resolved     main: 'index.js',
45 silly install resolved     bin: { 'react-native': 'index.js' },
45 silly install resolved     dependencies: { prompt: '^0.2.14' },
45 silly install resolved     _id: 'react-native-cli@0.1.4',
45 silly install resolved     scripts: {},
45 silly install resolved     _shasum: '2989108e113cf4e0b61097a0801f41f99220dd2a',
45 silly install resolved     _from: 'react-native-cli@*',
45 silly install resolved     _npmVersion: '2.1.18',
45 silly install resolved     _nodeVersion: '0.10.35',
45 silly install resolved     _npmUser: { name: 'vjeux', email: 'vjeuxx@gmail.com' },
45 silly install resolved     maintainers: [ [Object], [Object], [Object], [Object] ],
45 silly install resolved     dist:
45 silly install resolved      { shasum: '2989108e113cf4e0b61097a0801f41f99220dd2a',
45 silly install resolved        tarball: 'http://registry.npmjs.org/react-native-cli/-/react-native-cli-0.1.4.tgz' },
45 silly install resolved     directories: {},
45 silly install resolved     _resolved: 'https://registry.npmjs.org/react-native-cli/-/react-native-cli-0.1.4.tgz' } ]
46 info install react-native-cli@0.1.4 into /usr/local/lib
47 info installOne react-native-cli@0.1.4
48 verbose installOne of react-native-cli to /usr/local/lib not in flight; installing
49 warn locking Error: EACCES, open '/Users/huangeyu/.npm/_locks/react-native-cli-a444c604a39e8d3e.lock'
49 warn locking     at Error (native)
49 warn locking  /Users/huangeyu/.npm/_locks/react-native-cli-a444c604a39e8d3e.lock failed { [Error: EACCES, open '/Users/huangeyu/.npm/_locks/react-native-cli-a444c604a39e8d3e.lock']
49 warn locking   errno: -13,
49 warn locking   code: 'EACCES',
49 warn locking   path: '/Users/huangeyu/.npm/_locks/react-native-cli-a444c604a39e8d3e.lock' }
50 verbose stack Error: Attempt to unlock /usr/local/lib/node_modules/react-native-cli, which hasn't been locked
50 verbose stack     at unlock (/usr/local/lib/node_modules/npm/lib/utils/locker.js:66:11)
50 verbose stack     at cb (/usr/local/lib/node_modules/npm/lib/install.js:1004:5)
50 verbose stack     at /usr/local/lib/node_modules/npm/lib/install.js:1008:20
50 verbose stack     at /usr/local/lib/node_modules/npm/lib/utils/locker.js:40:9
50 verbose stack     at cb (/usr/local/lib/node_modules/npm/node_modules/lockfile/lockfile.js:149:38)
50 verbose stack     at /usr/local/lib/node_modules/npm/node_modules/lockfile/lockfile.js:177:38
50 verbose stack     at FSReqWrap.oncomplete (fs.js:95:15)
51 verbose cwd /Users/huangeyu/githubs/2015end/Android/EnglishWord
52 error Darwin 14.5.0
53 error argv "/usr/local/bin/node" "/usr/local/bin/npm" "install" "-g" "react-native-cli"
54 error node v0.12.2
55 error npm  v2.7.4
56 error Attempt to unlock /usr/local/lib/node_modules/react-native-cli, which hasn't been locked
57 error If you need help, you may report this error at:
57 error     <https://github.com/npm/npm/issues>
58 verbose exit [ 1, true ]
